#! /usr/bin/vvp
:ivl_version "10.3 (stable)";
:ivl_delay_selection "TYPICAL";
:vpi_time_precision - 12;
:vpi_module "system";
:vpi_module "vhdl_sys";
:vpi_module "v2005_math";
:vpi_module "va_math";
S_0x559474a442b0 .scope module, "circuit_tb" "circuit_tb" 2 6;
 .timescale -9 -12;
v0x559474a5bed0_0 .var "clk", 0 0;
v0x559474a5bf90_0 .var "en", 0 0;
v0x559474a5c030_0 .var/i "i", 31 0;
v0x559474a5c100_0 .var "in", 7 0;
v0x559474a5c1f0_0 .var "rst", 0 0;
v0x559474a5c290_0 .net "y", 31 0, L_0x559474a0b5d0;  1 drivers
E_0x559474a41d60 .event posedge, v0x559474a31c50_0;
S_0x559474a44430 .scope module, "c0" "circuit" 2 34, 3 4 0, S_0x559474a442b0;
 .timescale -9 -12;
    .port_info 0 /INPUT 1 "rst"
    .port_info 1 /INPUT 1 "clk"
    .port_info 2 /INPUT 1 "en"
    .port_info 3 /INPUT 8 "in"
    .port_info 4 /OUTPUT 32 "y"
P_0x559474a46320 .param/l "W" 0 3 6, +C4<00000000000000000000000000100000>;
L_0x559474a0b5d0 .functor BUFZ 32, v0x559474a5bab0_0, C4<00000000000000000000000000000000>, C4<00000000000000000000000000000000>, C4<00000000000000000000000000000000>;
v0x559474a31c50_0 .net "clk", 0 0, v0x559474a5bed0_0;  1 drivers
v0x559474a1e830_0 .var "cnt", 6 0;
v0x559474a1e900_0 .net "en", 0 0, v0x559474a5bf90_0;  1 drivers
v0x559474a5b8a0_0 .net "in", 7 0, v0x559474a5c100_0;  1 drivers
v0x559474a5b980_0 .var/s "inputNumber", 7 0;
v0x559474a5bab0_0 .var/s "result", 31 0;
v0x559474a5bb90_0 .var/s "result_N_1", 31 0;
v0x559474a5bc70_0 .net "rst", 0 0, v0x559474a5c1f0_0;  1 drivers
v0x559474a5bd50_0 .net "y", 31 0, L_0x559474a0b5d0;  alias, 1 drivers
E_0x559474a42130 .event edge, v0x559474a5bb90_0, v0x559474a5b980_0;
E_0x559474a0ba90 .event edge, v0x559474a5b8a0_0;
E_0x559474a415e0 .event posedge, v0x559474a5bc70_0, v0x559474a31c50_0;
    .scope S_0x559474a44430;
T_0 ;
    %wait E_0x559474a415e0;
    %load/vec4 v0x559474a5bc70_0;
    %flag_set/vec4 8;
    %jmp/0xz  T_0.0, 8;
    %pushi/vec4 0, 0, 32;
    %assign/vec4 v0x559474a5bb90_0, 0;
    %jmp T_0.1;
T_0.0 ;
    %load/vec4 v0x559474a1e830_0;
    %pad/u 32;
    %cmpi/ne 99, 0, 32;
    %jmp/0xz  T_0.2, 4;
    %load/vec4 v0x559474a5bab0_0;
    %assign/vec4 v0x559474a5bb90_0, 0;
T_0.2 ;
T_0.1 ;
    %jmp T_0;
    .thread T_0;
    .scope S_0x559474a44430;
T_1 ;
    %wait E_0x559474a415e0;
    %load/vec4 v0x559474a5bc70_0;
    %flag_set/vec4 8;
    %jmp/0xz  T_1.0, 8;
    %pushi/vec4 0, 0, 7;
    %assign/vec4 v0x559474a1e830_0, 0;
    %jmp T_1.1;
T_1.0 ;
    %load/vec4 v0x559474a1e830_0;
    %pad/u 32;
    %cmpi/ne 99, 0, 32;
    %jmp/0xz  T_1.2, 4;
    %load/vec4 v0x559474a1e830_0;
    %addi 1, 0, 7;
    %assign/vec4 v0x559474a1e830_0, 0;
T_1.2 ;
T_1.1 ;
    %jmp T_1;
    .thread T_1;
    .scope S_0x559474a44430;
T_2 ;
    %wait E_0x559474a0ba90;
    %load/vec4 v0x559474a5b8a0_0;
    %store/vec4 v0x559474a5b980_0, 0, 8;
    %jmp T_2;
    .thread T_2, $push;
    .scope S_0x559474a44430;
T_3 ;
    %wait E_0x559474a42130;
    %load/vec4 v0x559474a5bb90_0;
    %muli 2, 0, 32;
    %load/vec4 v0x559474a5b980_0;
    %pad/s 32;
    %add;
    %store/vec4 v0x559474a5bab0_0, 0, 32;
    %jmp T_3;
    .thread T_3, $push;
    .scope S_0x559474a442b0;
T_4 ;
    %pushi/vec4 1, 0, 1;
    %store/vec4 v0x559474a5bed0_0, 0, 1;
    %pushi/vec4 0, 0, 1;
    %store/vec4 v0x559474a5c1f0_0, 0, 1;
    %end;
    .thread T_4;
    .scope S_0x559474a442b0;
T_5 ;
    %delay 5000, 0;
    %load/vec4 v0x559474a5bed0_0;
    %inv;
    %store/vec4 v0x559474a5bed0_0, 0, 1;
    %jmp T_5;
    .thread T_5;
    .scope S_0x559474a442b0;
T_6 ;
    %delay 1000, 0;
    %pushi/vec4 1, 0, 1;
    %store/vec4 v0x559474a5c1f0_0, 0, 1;
    %delay 10000, 0;
    %pushi/vec4 0, 0, 1;
    %store/vec4 v0x559474a5c1f0_0, 0, 1;
    %end;
    .thread T_6;
    .scope S_0x559474a442b0;
T_7 ;
    %vpi_call 2 18 "$dumpfile", "circuit.vcd" {0 0 0};
    %vpi_call 2 19 "$dumpvars" {0 0 0};
    %pushi/vec4 0, 0, 1;
    %store/vec4 v0x559474a5bf90_0, 0, 1;
    %pushi/vec4 0, 0, 32;
    %store/vec4 v0x559474a5c030_0, 0, 32;
T_7.0 ;
    %load/vec4 v0x559474a5c030_0;
    %cmpi/s 100, 0, 32;
    %jmp/0xz T_7.1, 5;
    %vpi_func 2 22 "$random" 32 {0 0 0};
    %pad/s 8;
    %store/vec4 v0x559474a5c100_0, 0, 8;
    %wait E_0x559474a41d60;
    %delay 10000, 0;
    %pushi/vec4 1, 0, 1;
    %store/vec4 v0x559474a5bf90_0, 0, 1;
    %load/vec4 v0x559474a5c030_0;
    %addi 1, 0, 32;
    %load/vec4 v0x559474a5c100_0;
    %load/vec4 v0x559474a5c290_0;
    %vpi_call 2 23 "$display", "Iteration %d: Input %d Output %d", S<2,vec4,s32>, S<1,vec4,s8>, S<0,vec4,s32> {3 0 0};
    %load/vec4 v0x559474a5c030_0;
    %addi 1, 0, 32;
    %store/vec4 v0x559474a5c030_0, 0, 32;
    %jmp T_7.0;
T_7.1 ;
    %wait E_0x559474a41d60;
    %delay 100000, 0;
    %vpi_call 2 26 "$finish" {0 0 0};
    %end;
    .thread T_7;
# The file index is used to find the file name in the following table.
:file_names 4;
    "N/A";
    "<interactive>";
    "solution_tb.v";
    "solution.v";
